----------------------------------------------------------------
2017-11-10 16:21:41.272 GMT:
 Booting Derby version The Apache Software Foundation - Apache Derby - 10.5.1.1 - (764942): instance a816c00e-015f-a6bc-a191-ffffb6fe576d
on database directory memory:D:\COPA\Code\workspace_swagger_api\.metadata\.plugins\com.tibco.xpd.resources\db\TibcoResources  

Database Class Loader started - derby.database.classpath=''
2017-11-10 16:22:04.019 GMT Thread[Worker-4,5,main] (XID = 2074), (SESSIONID = 1), (DATABASE = memory:TibcoResources), (DRDAID = null), Cleanup action starting
2017-11-10 16:22:04.019 GMT Thread[Worker-4,5,main] (XID = 2074), (SESSIONID = 1), (DATABASE = memory:TibcoResources), (DRDAID = null), Failed Statement is: INSERT INTO global_references_index(internal_name,internal_type,internal_uri,internal_path,internal_project,internal_updatetimestamp,sourceURI,targetIdentifier,sourceFilePath,targetFilePath,info,description) VALUES(?,?,?,?,?,?,?,?,?,?,?,?) with 12 parameters begin parameter #1: FlightLeg :end parameter begin parameter #2: element-to-complexType :end parameter begin parameter #3: _SaVvoMYzEeesXrSACYpkEA :end parameter begin parameter #4: /reservation.swagger.test/Service Descriptors/DisplayBookingService_1.wsdl :end parameter begin parameter #5: reservation.swagger.test :end parameter begin parameter #6: NULL :end parameter begin parameter #7: platform:/resource/reservation.swagger.test/Service%20Descriptors/DisplayBookingService_1.wsdl#//@eTypes/@eExtensibilityElements.5/@schema/EDS_AirBookHistoryRS;XSDElementDeclaration/XSDComplexTypeDefinition/XSDParticle/XSDModelGroup/XSDParticle/XSDModelGroup/XSDParticle=2/BookingHistorys;XSDElementDeclaration/XSDComplexTypeDefinition/XSDParticle/XSDModelGroup/XSDParticle/BookingHistory;XSDElementDeclaration/XSDComplexTypeDefinition/XSDParticle/XSDModelGroup/XSDParticle/HistoryCredit;XSDElementDeclaration/XSDComplexTypeDefinition/XSDParticle/XSDModelGroup/XSDParticle/AirBookHistory;XSDElementDeclaration/XSDComplexTypeDefinition/XSDParticle/XSDModelGroup/XSDParticle=3/SpecialReqDetails;XSDElementDeclaration/XSDComplexTypeDefinition/XSDParticle/XSDModelGroup/XSDParticle=1/SpecialServiceRequests;XSDElementDeclaration/XSDComplexTypeDefinition/XSDParticle/XSDModelGroup/XSDParticle/SpecialServiceRequest;XSDElementDeclaration/XSDComplexTypeDefinition/XSDParticle/XSDModelGroup/XSDParticle/FlightLeg;XSDElementDeclaration :end parameter begin parameter #8: $$xsd-complex-type$$#platform:/resource/reservation.swagger.test/Service%20Descriptors/DisplayBookingService_1.wsdl#//@eTypes/@eExtensibilityElements.17/@schema/FlightLegType;XSDComplexTypeDefinition=18 :end parameter begin parameter #9: /reservation.swagger.test/Service Descriptors/DisplayBookingService_1.wsdl :end parameter begin parameter #10: NULL :end parameter begin parameter #11: NULL :end parameter begin parameter #12: Target xsd complex type referenced by xsd element 'FlightLeg' ('/reservation.swagger.test/Service Descriptors/DisplayBookingService_1.wsdl') :end parameter 
ERROR 22001: A truncation error was encountered trying to shrink VARCHAR 'platform:/resource/reservation.swagger.test/Service%20Descri&' to length 1024.
	at org.apache.derby.iapi.error.StandardException.newException(StandardException.java:343)
	at org.apache.derby.iapi.types.SQLChar.hasNonBlankChars(SQLChar.java:1763)
	at org.apache.derby.iapi.types.SQLVarchar.normalize(SQLVarchar.java:179)
	at org.apache.derby.iapi.types.SQLVarchar.normalize(SQLVarchar.java:156)
	at org.apache.derby.iapi.types.DataTypeDescriptor.normalize(DataTypeDescriptor.java:649)
	at org.apache.derby.impl.sql.execute.NormalizeResultSet.normalizeColumn(NormalizeResultSet.java:321)
	at org.apache.derby.impl.sql.execute.NormalizeResultSet.normalizeRow(NormalizeResultSet.java:369)
	at org.apache.derby.impl.sql.execute.NormalizeResultSet.getNextRowCore(NormalizeResultSet.java:180)
	at org.apache.derby.impl.sql.execute.DMLWriteResultSet.getNextRowCore(DMLWriteResultSet.java:127)
	at org.apache.derby.impl.sql.execute.InsertResultSet.open(InsertResultSet.java:494)
	at org.apache.derby.impl.sql.GenericPreparedStatement.executeStmt(GenericPreparedStatement.java:416)
	at org.apache.derby.impl.sql.GenericPreparedStatement.execute(GenericPreparedStatement.java:297)
	at org.apache.derby.impl.jdbc.EmbedStatement.executeStatement(EmbedStatement.java:1235)
	at org.apache.derby.impl.jdbc.EmbedPreparedStatement.executeBatchElement(EmbedPreparedStatement.java:1009)
	at org.apache.derby.impl.jdbc.EmbedStatement.executeBatch(EmbedStatement.java:974)
	at com.tibco.xpd.resources.internal.db.impl.derby.ResourceDbDerby.update(ResourceDbDerby.java:1447)
	at com.tibco.xpd.resources.internal.indexer.IndexerServiceImpl$2.run(IndexerServiceImpl.java:820)
	at org.eclipse.core.internal.jobs.Worker.run(Worker.java:54)
Cleanup action completed
2017-11-10 16:28:03.483 GMT Thread[Worker-7,5,main] (XID = 4965), (SESSIONID = 1), (DATABASE = memory:TibcoResources), (DRDAID = null), Cleanup action starting
2017-11-10 16:28:03.483 GMT Thread[Worker-7,5,main] (XID = 4965), (SESSIONID = 1), (DATABASE = memory:TibcoResources), (DRDAID = null), Failed Statement is: INSERT INTO global_references_index(internal_name,internal_type,internal_uri,internal_path,internal_project,internal_updatetimestamp,sourceURI,targetIdentifier,sourceFilePath,targetFilePath,info,description) VALUES(?,?,?,?,?,?,?,?,?,?,?,?) with 12 parameters begin parameter #1: FlightLeg :end parameter begin parameter #2: element-to-complexType :end parameter begin parameter #3: _H-tCXMY0EeesXrSACYpkEA :end parameter begin parameter #4: /reservation.swagger.test/Service Descriptors/DisplayBookingService_1.wsdl :end parameter begin parameter #5: reservation.swagger.test :end parameter begin parameter #6: NULL :end parameter begin parameter #7: platform:/resource/reservation.swagger.test/Service%20Descriptors/DisplayBookingService_1.wsdl#//@eTypes/@eExtensibilityElements.5/@schema/EDS_AirBookHistoryRS;XSDElementDeclaration/XSDComplexTypeDefinition/XSDParticle/XSDModelGroup/XSDParticle/XSDModelGroup/XSDParticle=2/BookingHistorys;XSDElementDeclaration/XSDComplexTypeDefinition/XSDParticle/XSDModelGroup/XSDParticle/BookingHistory;XSDElementDeclaration/XSDComplexTypeDefinition/XSDParticle/XSDModelGroup/XSDParticle/HistoryCredit;XSDElementDeclaration/XSDComplexTypeDefinition/XSDParticle/XSDModelGroup/XSDParticle/AirBookHistory;XSDElementDeclaration/XSDComplexTypeDefinition/XSDParticle/XSDModelGroup/XSDParticle=3/SpecialReqDetails;XSDElementDeclaration/XSDComplexTypeDefinition/XSDParticle/XSDModelGroup/XSDParticle=1/SpecialServiceRequests;XSDElementDeclaration/XSDComplexTypeDefinition/XSDParticle/XSDModelGroup/XSDParticle/SpecialServiceRequest;XSDElementDeclaration/XSDComplexTypeDefinition/XSDParticle/XSDModelGroup/XSDParticle/FlightLeg;XSDElementDeclaration :end parameter begin parameter #8: $$xsd-complex-type$$#platform:/resource/reservation.swagger.test/Service%20Descriptors/DisplayBookingService_1.wsdl#//@eTypes/@eExtensibilityElements.17/@schema/FlightLegType;XSDComplexTypeDefinition=18 :end parameter begin parameter #9: /reservation.swagger.test/Service Descriptors/DisplayBookingService_1.wsdl :end parameter begin parameter #10: NULL :end parameter begin parameter #11: NULL :end parameter begin parameter #12: Target xsd complex type referenced by xsd element 'FlightLeg' ('/reservation.swagger.test/Service Descriptors/DisplayBookingService_1.wsdl') :end parameter 
ERROR 22001: A truncation error was encountered trying to shrink VARCHAR 'platform:/resource/reservation.swagger.test/Service%20Descri&' to length 1024.
	at org.apache.derby.iapi.error.StandardException.newException(StandardException.java:343)
	at org.apache.derby.iapi.types.SQLChar.hasNonBlankChars(SQLChar.java:1763)
	at org.apache.derby.iapi.types.SQLVarchar.normalize(SQLVarchar.java:179)
	at org.apache.derby.iapi.types.SQLVarchar.normalize(SQLVarchar.java:156)
	at org.apache.derby.iapi.types.DataTypeDescriptor.normalize(DataTypeDescriptor.java:649)
	at org.apache.derby.impl.sql.execute.NormalizeResultSet.normalizeColumn(NormalizeResultSet.java:321)
	at org.apache.derby.impl.sql.execute.NormalizeResultSet.normalizeRow(NormalizeResultSet.java:369)
	at org.apache.derby.impl.sql.execute.NormalizeResultSet.getNextRowCore(NormalizeResultSet.java:180)
	at org.apache.derby.impl.sql.execute.DMLWriteResultSet.getNextRowCore(DMLWriteResultSet.java:127)
	at org.apache.derby.impl.sql.execute.InsertResultSet.open(InsertResultSet.java:494)
	at org.apache.derby.impl.sql.GenericPreparedStatement.executeStmt(GenericPreparedStatement.java:416)
	at org.apache.derby.impl.sql.GenericPreparedStatement.execute(GenericPreparedStatement.java:297)
	at org.apache.derby.impl.jdbc.EmbedStatement.executeStatement(EmbedStatement.java:1235)
	at org.apache.derby.impl.jdbc.EmbedPreparedStatement.executeBatchElement(EmbedPreparedStatement.java:1009)
	at org.apache.derby.impl.jdbc.EmbedStatement.executeBatch(EmbedStatement.java:974)
	at com.tibco.xpd.resources.internal.db.impl.derby.ResourceDbDerby.update(ResourceDbDerby.java:1447)
	at com.tibco.xpd.resources.internal.indexer.IndexerServiceImpl.o00000(IndexerServiceImpl.java:855)
	at com.tibco.xpd.resources.internal.indexer.IndexerServiceImpl.o00000(IndexerServiceImpl.java:748)
	at com.tibco.xpd.resources.internal.indexer.IndexerServiceImpl.access$1(IndexerServiceImpl.java:727)
	at com.tibco.xpd.resources.internal.indexer.IndexerServiceImpl$1.visit(IndexerServiceImpl.java:696)
	at org.eclipse.core.internal.resources.Resource$2.visit(Resource.java:126)
	at org.eclipse.core.internal.resources.Resource$1.visitElement(Resource.java:85)
	at org.eclipse.core.internal.watson.ElementTreeIterator.doIteration(ElementTreeIterator.java:82)
	at org.eclipse.core.internal.watson.ElementTreeIterator.doIteration(ElementTreeIterator.java:86)
	at org.eclipse.core.internal.watson.ElementTreeIterator.doIteration(ElementTreeIterator.java:86)
	at org.eclipse.core.internal.watson.ElementTreeIterator.iterate(ElementTreeIterator.java:127)
	at org.eclipse.core.internal.resources.Resource.accept(Resource.java:95)
	at org.eclipse.core.internal.resources.Resource.accept(Resource.java:52)
	at org.eclipse.core.internal.resources.Resource.accept(Resource.java:124)
	at org.eclipse.core.internal.resources.Resource.accept(Resource.java:108)
	at com.tibco.xpd.resources.internal.indexer.IndexerServiceImpl.clean(IndexerServiceImpl.java:680)
	at com.tibco.xpd.validation.internal.builder.ValidationBuilder.clean(ValidationBuilder.java:861)
	at org.eclipse.core.internal.events.BuildManager$2.run(BuildManager.java:736)
	at org.eclipse.core.runtime.SafeRunner.run(SafeRunner.java:42)
	at org.eclipse.core.internal.events.BuildManager.basicBuild(BuildManager.java:206)
	at org.eclipse.core.internal.events.BuildManager.basicBuild(BuildManager.java:246)
	at org.eclipse.core.internal.events.BuildManager$1.run(BuildManager.java:299)
	at org.eclipse.core.runtime.SafeRunner.run(SafeRunner.java:42)
	at org.eclipse.core.internal.events.BuildManager.basicBuild(BuildManager.java:302)
	at org.eclipse.core.internal.events.BuildManager.basicBuild(BuildManager.java:263)
	at org.eclipse.core.internal.events.BuildManager.build(BuildManager.java:401)
	at org.eclipse.core.internal.resources.Project$1.run(Project.java:618)
	at org.eclipse.core.internal.resources.Workspace.run(Workspace.java:2313)
	at org.eclipse.core.internal.resources.Project.internalBuild(Project.java:597)
	at org.eclipse.core.internal.resources.Project.build(Project.java:114)
	at org.eclipse.m2e.core.internal.project.ProjectConfigurationManager.updateProjectConfiguration0(ProjectConfigurationManager.java:458)
	at org.eclipse.m2e.core.internal.project.ProjectConfigurationManager$2.call(ProjectConfigurationManager.java:344)
	at org.eclipse.m2e.core.internal.project.ProjectConfigurationManager$2.call(ProjectConfigurationManager.java:1)
	at org.eclipse.m2e.core.internal.embedder.MavenExecutionContext.executeBare(MavenExecutionContext.java:176)
	at org.eclipse.m2e.core.internal.embedder.MavenExecutionContext.execute(MavenExecutionContext.java:151)
	at org.eclipse.m2e.core.internal.embedder.MavenExecutionContext.execute(MavenExecutionContext.java:99)
	at org.eclipse.m2e.core.internal.embedder.MavenImpl.execute(MavenImpl.java:1351)
	at org.eclipse.m2e.core.internal.project.ProjectConfigurationManager.updateProjectConfiguration(ProjectConfigurationManager.java:341)
	at org.eclipse.m2e.core.ui.internal.UpdateMavenProjectJob.runInWorkspace(UpdateMavenProjectJob.java:77)
	at org.eclipse.core.internal.resources.InternalWorkspaceJob.run(InternalWorkspaceJob.java:38)
	at org.eclipse.core.internal.jobs.Worker.run(Worker.java:54)
Cleanup action completed
2017-11-10 16:29:07.075 GMT Thread[Worker-2,5,main] (XID = 7772), (SESSIONID = 1), (DATABASE = memory:TibcoResources), (DRDAID = null), Cleanup action starting
2017-11-10 16:29:07.075 GMT Thread[Worker-2,5,main] (XID = 7772), (SESSIONID = 1), (DATABASE = memory:TibcoResources), (DRDAID = null), Failed Statement is: INSERT INTO global_references_index(internal_name,internal_type,internal_uri,internal_path,internal_project,internal_updatetimestamp,sourceURI,targetIdentifier,sourceFilePath,targetFilePath,info,description) VALUES(?,?,?,?,?,?,?,?,?,?,?,?) with 12 parameters begin parameter #1: FlightLeg :end parameter begin parameter #2: element-to-complexType :end parameter begin parameter #3: _RdLHp8Y0EeesXrSACYpkEA :end parameter begin parameter #4: /reservation.swagger.test/Service Descriptors/DisplayBookingService_1.wsdl :end parameter begin parameter #5: reservation.swagger.test :end parameter begin parameter #6: NULL :end parameter begin parameter #7: platform:/resource/reservation.swagger.test/Service%20Descriptors/DisplayBookingService_1.wsdl#//@eTypes/@eExtensibilityElements.5/@schema/EDS_AirBookHistoryRS;XSDElementDeclaration/XSDComplexTypeDefinition/XSDParticle/XSDModelGroup/XSDParticle/XSDModelGroup/XSDParticle=2/BookingHistorys;XSDElementDeclaration/XSDComplexTypeDefinition/XSDParticle/XSDModelGroup/XSDParticle/BookingHistory;XSDElementDeclaration/XSDComplexTypeDefinition/XSDParticle/XSDModelGroup/XSDParticle/HistoryCredit;XSDElementDeclaration/XSDComplexTypeDefinition/XSDParticle/XSDModelGroup/XSDParticle/AirBookHistory;XSDElementDeclaration/XSDComplexTypeDefinition/XSDParticle/XSDModelGroup/XSDParticle=3/SpecialReqDetails;XSDElementDeclaration/XSDComplexTypeDefinition/XSDParticle/XSDModelGroup/XSDParticle=1/SpecialServiceRequests;XSDElementDeclaration/XSDComplexTypeDefinition/XSDParticle/XSDModelGroup/XSDParticle/SpecialServiceRequest;XSDElementDeclaration/XSDComplexTypeDefinition/XSDParticle/XSDModelGroup/XSDParticle/FlightLeg;XSDElementDeclaration :end parameter begin parameter #8: $$xsd-complex-type$$#platform:/resource/reservation.swagger.test/Service%20Descriptors/DisplayBookingService_1.wsdl#//@eTypes/@eExtensibilityElements.17/@schema/FlightLegType;XSDComplexTypeDefinition=18 :end parameter begin parameter #9: /reservation.swagger.test/Service Descriptors/DisplayBookingService_1.wsdl :end parameter begin parameter #10: NULL :end parameter begin parameter #11: NULL :end parameter begin parameter #12: Target xsd complex type referenced by xsd element 'FlightLeg' ('/reservation.swagger.test/Service Descriptors/DisplayBookingService_1.wsdl') :end parameter 
ERROR 22001: A truncation error was encountered trying to shrink VARCHAR 'platform:/resource/reservation.swagger.test/Service%20Descri&' to length 1024.
	at org.apache.derby.iapi.error.StandardException.newException(StandardException.java:343)
	at org.apache.derby.iapi.types.SQLChar.hasNonBlankChars(SQLChar.java:1763)
	at org.apache.derby.iapi.types.SQLVarchar.normalize(SQLVarchar.java:179)
	at org.apache.derby.iapi.types.SQLVarchar.normalize(SQLVarchar.java:156)
	at org.apache.derby.iapi.types.DataTypeDescriptor.normalize(DataTypeDescriptor.java:649)
	at org.apache.derby.impl.sql.execute.NormalizeResultSet.normalizeColumn(NormalizeResultSet.java:321)
	at org.apache.derby.impl.sql.execute.NormalizeResultSet.normalizeRow(NormalizeResultSet.java:369)
	at org.apache.derby.impl.sql.execute.NormalizeResultSet.getNextRowCore(NormalizeResultSet.java:180)
	at org.apache.derby.impl.sql.execute.DMLWriteResultSet.getNextRowCore(DMLWriteResultSet.java:127)
	at org.apache.derby.impl.sql.execute.InsertResultSet.open(InsertResultSet.java:494)
	at org.apache.derby.impl.sql.GenericPreparedStatement.executeStmt(GenericPreparedStatement.java:416)
	at org.apache.derby.impl.sql.GenericPreparedStatement.execute(GenericPreparedStatement.java:297)
	at org.apache.derby.impl.jdbc.EmbedStatement.executeStatement(EmbedStatement.java:1235)
	at org.apache.derby.impl.jdbc.EmbedPreparedStatement.executeBatchElement(EmbedPreparedStatement.java:1009)
	at org.apache.derby.impl.jdbc.EmbedStatement.executeBatch(EmbedStatement.java:974)
	at com.tibco.xpd.resources.internal.db.impl.derby.ResourceDbDerby.update(ResourceDbDerby.java:1447)
	at com.tibco.xpd.resources.internal.indexer.IndexerServiceImpl.o00000(IndexerServiceImpl.java:855)
	at com.tibco.xpd.resources.internal.indexer.IndexerServiceImpl.o00000(IndexerServiceImpl.java:748)
	at com.tibco.xpd.resources.internal.indexer.IndexerServiceImpl.access$1(IndexerServiceImpl.java:727)
	at com.tibco.xpd.resources.internal.indexer.IndexerServiceImpl$1.visit(IndexerServiceImpl.java:696)
	at org.eclipse.core.internal.resources.Resource$2.visit(Resource.java:126)
	at org.eclipse.core.internal.resources.Resource$1.visitElement(Resource.java:85)
	at org.eclipse.core.internal.watson.ElementTreeIterator.doIteration(ElementTreeIterator.java:82)
	at org.eclipse.core.internal.watson.ElementTreeIterator.doIteration(ElementTreeIterator.java:86)
	at org.eclipse.core.internal.watson.ElementTreeIterator.doIteration(ElementTreeIterator.java:86)
	at org.eclipse.core.internal.watson.ElementTreeIterator.iterate(ElementTreeIterator.java:127)
	at org.eclipse.core.internal.resources.Resource.accept(Resource.java:95)
	at org.eclipse.core.internal.resources.Resource.accept(Resource.java:52)
	at org.eclipse.core.internal.resources.Resource.accept(Resource.java:124)
	at org.eclipse.core.internal.resources.Resource.accept(Resource.java:108)
	at com.tibco.xpd.resources.internal.indexer.IndexerServiceImpl.clean(IndexerServiceImpl.java:680)
	at com.tibco.xpd.validation.internal.builder.ValidationBuilder.clean(ValidationBuilder.java:861)
	at org.eclipse.core.internal.events.BuildManager$2.run(BuildManager.java:736)
	at org.eclipse.core.runtime.SafeRunner.run(SafeRunner.java:42)
	at org.eclipse.core.internal.events.BuildManager.basicBuild(BuildManager.java:206)
	at org.eclipse.core.internal.events.BuildManager.basicBuild(BuildManager.java:246)
	at org.eclipse.core.internal.events.BuildManager$1.run(BuildManager.java:299)
	at org.eclipse.core.runtime.SafeRunner.run(SafeRunner.java:42)
	at org.eclipse.core.internal.events.BuildManager.basicBuild(BuildManager.java:302)
	at org.eclipse.core.internal.events.BuildManager.basicBuild(BuildManager.java:263)
	at org.eclipse.core.internal.events.BuildManager.build(BuildManager.java:401)
	at org.eclipse.core.internal.resources.Project$1.run(Project.java:618)
	at org.eclipse.core.internal.resources.Workspace.run(Workspace.java:2313)
	at org.eclipse.core.internal.resources.Project.internalBuild(Project.java:597)
	at org.eclipse.core.internal.resources.Project.build(Project.java:114)
	at org.eclipse.m2e.core.internal.project.ProjectConfigurationManager.updateProjectConfiguration0(ProjectConfigurationManager.java:458)
	at org.eclipse.m2e.core.internal.project.ProjectConfigurationManager$2.call(ProjectConfigurationManager.java:344)
	at org.eclipse.m2e.core.internal.project.ProjectConfigurationManager$2.call(ProjectConfigurationManager.java:1)
	at org.eclipse.m2e.core.internal.embedder.MavenExecutionContext.executeBare(MavenExecutionContext.java:176)
	at org.eclipse.m2e.core.internal.embedder.MavenExecutionContext.execute(MavenExecutionContext.java:151)
	at org.eclipse.m2e.core.internal.embedder.MavenExecutionContext.execute(MavenExecutionContext.java:99)
	at org.eclipse.m2e.core.internal.embedder.MavenImpl.execute(MavenImpl.java:1351)
	at org.eclipse.m2e.core.internal.project.ProjectConfigurationManager.updateProjectConfiguration(ProjectConfigurationManager.java:341)
	at org.eclipse.m2e.core.ui.internal.UpdateMavenProjectJob.runInWorkspace(UpdateMavenProjectJob.java:77)
	at org.eclipse.core.internal.resources.InternalWorkspaceJob.run(InternalWorkspaceJob.java:38)
	at org.eclipse.core.internal.jobs.Worker.run(Worker.java:54)
Cleanup action completed
